[I 2025-04-28 02:25:21,224] Trial 30 finished with value: 0.9353798680220768 and parameters: {'batch_size': 8, 'learning_rate': 0.0006057049308529077, 'num_epochs': 41, 'weight_decay': 2.9621516109277948e-05, 'dropout_rate': 0.21440239947648515}. Best is trial 12 with value: 0.9690052735593662.
/home/u890345/.conda/envs/env1/lib/python3.12/site-packages/optuna/trial/_trial.py:497: UserWarning: The reported value is ignored because this `step` 24 is already reported.
  warnings.warn(
/home/u890345/.conda/envs/env1/lib/python3.12/site-packages/optuna/trial/_trial.py:497: UserWarning: The reported value is ignored because this `step` 24 is already reported.
  warnings.warn(
/home/u890345/.conda/envs/env1/lib/python3.12/site-packages/optuna/trial/_trial.py:497: UserWarning: The reported value is ignored because this `step` 24 is already reported.
  warnings.warn(
/home/u890345/.conda/envs/env1/lib/python3.12/site-packages/optuna/trial/_trial.py:497: UserWarning: The reported value is ignored because this `step` 24 is already reported.
  warnings.warn(
[I 2025-04-28 02:48:38,330] Trial 31 finished with value: 0.9652825684480186 and parameters: {'batch_size': 8, 'learning_rate': 0.0009896184856276642, 'num_epochs': 48, 'weight_decay': 2.1236834366560907e-05, 'dropout_rate': 0.28743643645483674}. Best is trial 12 with value: 0.9690052735593662.
[I 2025-04-28 02:50:55,669] Trial 32 pruned. 
[I 2025-04-28 02:53:04,736] Trial 33 pruned. 
/home/u890345/.conda/envs/env1/lib/python3.12/site-packages/optuna/trial/_trial.py:497: UserWarning: The reported value is ignored because this `step` 24 is already reported.
  warnings.warn(
/home/u890345/.conda/envs/env1/lib/python3.12/site-packages/optuna/trial/_trial.py:497: UserWarning: The reported value is ignored because this `step` 24 is already reported.
  warnings.warn(
/home/u890345/.conda/envs/env1/lib/python3.12/site-packages/optuna/trial/_trial.py:497: UserWarning: The reported value is ignored because this `step` 24 is already reported.
  warnings.warn(
/home/u890345/.conda/envs/env1/lib/python3.12/site-packages/optuna/trial/_trial.py:497: UserWarning: The reported value is ignored because this `step` 24 is already reported.
  warnings.warn(
[I 2025-04-28 03:17:06,778] Trial 34 finished with value: 0.9596712789636872 and parameters: {'batch_size': 8, 'learning_rate': 0.00504610269069285, 'num_epochs': 49, 'weight_decay': 2.0683883507902006e-05, 'dropout_rate': 0.20297177233807695}. Best is trial 12 with value: 0.9690052735593662.
[I 2025-04-28 03:19:06,957] Trial 35 pruned. 
[I 2025-04-28 03:21:35,599] Trial 36 pruned. 
[I 2025-04-28 03:23:42,890] Trial 37 pruned. 
[I 2025-04-28 03:25:42,968] Trial 38 pruned. 
/home/u890345/.conda/envs/env1/lib/python3.12/site-packages/optuna/trial/_trial.py:497: UserWarning: The reported value is ignored because this `step` 7 is already reported.
  warnings.warn(
/home/u890345/.conda/envs/env1/lib/python3.12/site-packages/optuna/trial/_trial.py:497: UserWarning: The reported value is ignored because this `step` 7 is already reported.
  warnings.warn(
/home/u890345/.conda/envs/env1/lib/python3.12/site-packages/optuna/trial/_trial.py:497: UserWarning: The reported value is ignored because this `step` 7 is already reported.
  warnings.warn(
/home/u890345/.conda/envs/env1/lib/python3.12/site-packages/optuna/trial/_trial.py:497: UserWarning: The reported value is ignored because this `step` 7 is already reported.
  warnings.warn(
[I 2025-04-28 03:33:46,294] Trial 39 finished with value: 0.8758298972632719 and parameters: {'batch_size': 4, 'learning_rate': 0.006340488066552291, 'num_epochs': 15, 'weight_decay': 3.6004154989761716e-05, 'dropout_rate': 0.22245959788809694}. Best is trial 12 with value: 0.9690052735593662.
[I 2025-04-28 03:35:59,594] Trial 40 pruned. 
[I 2025-04-28 03:38:17,559] Trial 41 pruned. 
/home/u890345/.conda/envs/env1/lib/python3.12/site-packages/optuna/trial/_trial.py:497: UserWarning: The reported value is ignored because this `step` 24 is already reported.
  warnings.warn(
/home/u890345/.conda/envs/env1/lib/python3.12/site-packages/optuna/trial/_trial.py:497: UserWarning: The reported value is ignored because this `step` 24 is already reported.
  warnings.warn(
/home/u890345/.conda/envs/env1/lib/python3.12/site-packages/optuna/trial/_trial.py:497: UserWarning: The reported value is ignored because this `step` 24 is already reported.
  warnings.warn(
/home/u890345/.conda/envs/env1/lib/python3.12/site-packages/optuna/trial/_trial.py:497: UserWarning: The reported value is ignored because this `step` 24 is already reported.
  warnings.warn(
[I 2025-04-28 04:01:24,647] Trial 42 finished with value: 0.9597999510548213 and parameters: {'batch_size': 8, 'learning_rate': 0.004975521628438824, 'num_epochs': 49, 'weight_decay': 1.1168959599232632e-05, 'dropout_rate': 0.21561190011662806}. Best is trial 12 with value: 0.9690052735593662.
/home/u890345/.conda/envs/env1/lib/python3.12/site-packages/optuna/trial/_trial.py:497: UserWarning: The reported value is ignored because this `step` 22 is already reported.
  warnings.warn(
/home/u890345/.conda/envs/env1/lib/python3.12/site-packages/optuna/trial/_trial.py:497: UserWarning: The reported value is ignored because this `step` 22 is already reported.
  warnings.warn(
/home/u890345/.conda/envs/env1/lib/python3.12/site-packages/optuna/trial/_trial.py:497: UserWarning: The reported value is ignored because this `step` 22 is already reported.
  warnings.warn(
/home/u890345/.conda/envs/env1/lib/python3.12/site-packages/optuna/trial/_trial.py:497: UserWarning: The reported value is ignored because this `step` 22 is already reported.
  warnings.warn(
[I 2025-04-28 04:22:31,258] Trial 43 finished with value: 0.9595098106716653 and parameters: {'batch_size': 8, 'learning_rate': 0.0028920974625546384, 'num_epochs': 44, 'weight_decay': 6.227018261627201e-06, 'dropout_rate': 0.2347633149003518}. Best is trial 12 with value: 0.9690052735593662.
/home/u890345/.conda/envs/env1/lib/python3.12/site-packages/optuna/trial/_trial.py:497: UserWarning: The reported value is ignored because this `step` 25 is already reported.
  warnings.warn(
/home/u890345/.conda/envs/env1/lib/python3.12/site-packages/optuna/trial/_trial.py:497: UserWarning: The reported value is ignored because this `step` 25 is already reported.
  warnings.warn(
/home/u890345/.conda/envs/env1/lib/python3.12/site-packages/optuna/trial/_trial.py:497: UserWarning: The reported value is ignored because this `step` 25 is already reported.
  warnings.warn(
/home/u890345/.conda/envs/env1/lib/python3.12/site-packages/optuna/trial/_trial.py:497: UserWarning: The reported value is ignored because this `step` 25 is already reported.
  warnings.warn(
[I 2025-04-28 04:48:50,335] Trial 44 finished with value: 0.9663320324872513 and parameters: {'batch_size': 4, 'learning_rate': 0.0018467229441845895, 'num_epochs': 50, 'weight_decay': 1.0769985812277072e-05, 'dropout_rate': 0.2144372638247646}. Best is trial 12 with value: 0.9690052735593662.
/home/u890345/.conda/envs/env1/lib/python3.12/site-packages/optuna/trial/_trial.py:497: UserWarning: The reported value is ignored because this `step` 25 is already reported.
  warnings.warn(
/home/u890345/.conda/envs/env1/lib/python3.12/site-packages/optuna/trial/_trial.py:497: UserWarning: The reported value is ignored because this `step` 25 is already reported.
  warnings.warn(
/home/u890345/.conda/envs/env1/lib/python3.12/site-packages/optuna/trial/_trial.py:497: UserWarning: The reported value is ignored because this `step` 25 is already reported.
  warnings.warn(
/home/u890345/.conda/envs/env1/lib/python3.12/site-packages/optuna/trial/_trial.py:497: UserWarning: The reported value is ignored because this `step` 25 is already reported.
  warnings.warn(
[I 2025-04-28 05:15:00,627] Trial 45 finished with value: 0.9669129096119284 and parameters: {'batch_size': 4, 'learning_rate': 0.0018919442273411739, 'num_epochs': 50, 'weight_decay': 2.726616255891023e-05, 'dropout_rate': 0.24986593798777407}. Best is trial 12 with value: 0.9690052735593662.
[I 2025-04-28 05:17:36,404] Trial 46 pruned. 
[I 2025-04-28 05:19:58,906] Trial 47 pruned. 
/home/u890345/.conda/envs/env1/lib/python3.12/site-packages/optuna/trial/_trial.py:497: UserWarning: The reported value is ignored because this `step` 25 is already reported.
  warnings.warn(
/home/u890345/.conda/envs/env1/lib/python3.12/site-packages/optuna/trial/_trial.py:497: UserWarning: The reported value is ignored because this `step` 25 is already reported.
  warnings.warn(
/home/u890345/.conda/envs/env1/lib/python3.12/site-packages/optuna/trial/_trial.py:497: UserWarning: The reported value is ignored because this `step` 25 is already reported.
  warnings.warn(
/home/u890345/.conda/envs/env1/lib/python3.12/site-packages/optuna/trial/_trial.py:497: UserWarning: The reported value is ignored because this `step` 25 is already reported.
  warnings.warn(
[I 2025-04-28 05:46:03,948] Trial 48 finished with value: 0.9703691590882485 and parameters: {'batch_size': 4, 'learning_rate': 0.0006727123159113241, 'num_epochs': 50, 'weight_decay': 2.574484118115027e-05, 'dropout_rate': 0.2102214546469527}. Best is trial 48 with value: 0.9703691590882485.
[I 2025-04-28 05:48:45,429] Trial 49 pruned. 
