/var/spool/slurm/slurmd/job29883/slurm_script: line 17: activate: No such file or directory
[I 2025-04-24 12:33:36,033] A new study created in memory with name: no-name-3854b5d8-2a51-47b3-8f15-094a84e5e1ab
/home/u890345/.conda/envs/env1/lib/python3.12/site-packages/optuna/trial/_trial.py:497: UserWarning: The reported value is ignored because this `step` 6 is already reported.
  warnings.warn(
[I 2025-04-24 12:37:04,706] Trial 0 finished with value: 0.5315831177956853 and parameters: {'batch_size': 16, 'learning_rate': 0.0008828082871748, 'num_epochs': 12, 'weight_decay': 1.5262905255460145e-06}. Best is trial 0 with value: 0.5315831177956853.
/home/u890345/.conda/envs/env1/lib/python3.12/site-packages/optuna/trial/_trial.py:497: UserWarning: The reported value is ignored because this `step` 7 is already reported.
  warnings.warn(
[I 2025-04-24 12:39:20,427] Trial 1 finished with value: 0.5015852607133424 and parameters: {'batch_size': 32, 'learning_rate': 0.016239119387422542, 'num_epochs': 15, 'weight_decay': 0.00035030148671380264}. Best is trial 0 with value: 0.5315831177956853.
/home/u890345/.conda/envs/env1/lib/python3.12/site-packages/optuna/trial/_trial.py:497: UserWarning: The reported value is ignored because this `step` 10 is already reported.
  warnings.warn(
[I 2025-04-24 12:42:54,780] Trial 2 finished with value: 0.38976831571655673 and parameters: {'batch_size': 8, 'learning_rate': 1.0179099715410523e-05, 'num_epochs': 20, 'weight_decay': 0.0004221368984845562}. Best is trial 0 with value: 0.5315831177956853.
/home/u890345/.conda/envs/env1/lib/python3.12/site-packages/optuna/trial/_trial.py:497: UserWarning: The reported value is ignored because this `step` 13 is already reported.
  warnings.warn(
[I 2025-04-24 12:46:57,763] Trial 3 finished with value: 0.49841723105137525 and parameters: {'batch_size': 16, 'learning_rate': 6.226220636705499e-05, 'num_epochs': 26, 'weight_decay': 5.278245536880918e-06}. Best is trial 0 with value: 0.5315831177956853.
/home/u890345/.conda/envs/env1/lib/python3.12/site-packages/optuna/trial/_trial.py:497: UserWarning: The reported value is ignored because this `step` 5 is already reported.
  warnings.warn(
[I 2025-04-24 12:48:27,734] Trial 4 finished with value: 0.4968404423380727 and parameters: {'batch_size': 32, 'learning_rate': 0.0003963354844911473, 'num_epochs': 10, 'weight_decay': 4.010227130669499e-06}. Best is trial 0 with value: 0.5315831177956853.
[I 2025-04-24 12:52:44,420] Trial 5 finished with value: 0.5748511170581229 and parameters: {'batch_size': 16, 'learning_rate': 0.0017800441988775964, 'num_epochs': 27, 'weight_decay': 1.416526655073728e-05}. Best is trial 5 with value: 0.5748511170581229.
[I 2025-04-24 12:57:37,177] Trial 6 finished with value: 0.4958811129217935 and parameters: {'batch_size': 8, 'learning_rate': 6.0686654562559694e-05, 'num_epochs': 27, 'weight_decay': 0.00026242024138555816}. Best is trial 5 with value: 0.5748511170581229.
[I 2025-04-24 12:59:16,255] Trial 7 finished with value: 0.5139015553595367 and parameters: {'batch_size': 32, 'learning_rate': 0.0006655473420473626, 'num_epochs': 11, 'weight_decay': 0.00012222353153214138}. Best is trial 5 with value: 0.5748511170581229.
/home/u890345/.conda/envs/env1/lib/python3.12/site-packages/optuna/trial/_trial.py:497: UserWarning: The reported value is ignored because this `step` 12 is already reported.
  warnings.warn(
[I 2025-04-24 13:03:45,379] Trial 8 finished with value: 0.4857869740507622 and parameters: {'batch_size': 8, 'learning_rate': 0.012325792771953569, 'num_epochs': 25, 'weight_decay': 0.0006990769936807585}. Best is trial 5 with value: 0.5748511170581229.
[I 2025-04-24 13:05:19,125] Trial 9 finished with value: 0.5322185177986755 and parameters: {'batch_size': 16, 'learning_rate': 0.0005994898809490858, 'num_epochs': 10, 'weight_decay': 0.0007153808332038241}. Best is trial 5 with value: 0.5748511170581229.
Traceback (most recent call last):
  File "/home/u890345/intro-dl-spring2025-accent-classifier/train_1d_raw.py", line 259, in <module>
    main()
  File "/home/u890345/intro-dl-spring2025-accent-classifier/train_1d_raw.py", line 186, in main
    scheduler = torch.optim.lr_scheduler.ReduceLROnPlateau(
                ^^^^^^^^^^^^^^^^^^^^^^^^^^^^^^^^^^^^^^^^^^^
TypeError: ReduceLROnPlateau.__init__() got an unexpected keyword argument 'verbose'
